# ******************************************************
# PLUTO 4.0 Grid File
# Generated on  Sun Oct 29 09:58:42 2023
# 
# DIMENSIONS: 1
# GEOMETRY:   SPHERICAL
# X1: [ 1.000000,  15.000000], 490 point(s), 2 ghosts
# ******************************************************
490 
 1   1.000000000000e+00    1.000200000000e+00
 2   1.000200000000e+00    1.000400000000e+00
 3   1.000400000000e+00    1.000600000000e+00
 4   1.000600000000e+00    1.000800000000e+00
 5   1.000800000000e+00    1.001000000000e+00
 6   1.001000000000e+00    1.001200000000e+00
 7   1.001200000000e+00    1.001400000000e+00
 8   1.001400000000e+00    1.001600000000e+00
 9   1.001600000000e+00    1.001800000000e+00
 10   1.001800000000e+00    1.002000000000e+00
 11   1.002000000000e+00    1.002202899547e+00
 12   1.002202899547e+00    1.002408740677e+00
 13   1.002408740677e+00    1.002617566038e+00
 14   1.002617566038e+00    1.002829418893e+00
 15   1.002829418893e+00    1.003044343134e+00
 16   1.003044343134e+00    1.003262383290e+00
 17   1.003262383290e+00    1.003483584533e+00
 18   1.003483584533e+00    1.003707992694e+00
 19   1.003707992694e+00    1.003935654265e+00
 20   1.003935654265e+00    1.004166616412e+00
 21   1.004166616412e+00    1.004400926987e+00
 22   1.004400926987e+00    1.004638634535e+00
 23   1.004638634535e+00    1.004879788303e+00
 24   1.004879788303e+00    1.005124438255e+00
 25   1.005124438255e+00    1.005372635076e+00
 26   1.005372635076e+00    1.005624430189e+00
 27   1.005624430189e+00    1.005879875761e+00
 28   1.005879875761e+00    1.006139024714e+00
 29   1.006139024714e+00    1.006401930740e+00
 30   1.006401930740e+00    1.006668648308e+00
 31   1.006668648308e+00    1.006939232676e+00
 32   1.006939232676e+00    1.007213739904e+00
 33   1.007213739904e+00    1.007492226865e+00
 34   1.007492226865e+00    1.007774751256e+00
 35   1.007774751256e+00    1.008061371610e+00
 36   1.008061371610e+00    1.008352147310e+00
 37   1.008352147310e+00    1.008647138599e+00
 38   1.008647138599e+00    1.008946406593e+00
 39   1.008946406593e+00    1.009250013295e+00
 40   1.009250013295e+00    1.009558021606e+00
 41   1.009558021606e+00    1.009870495339e+00
 42   1.009870495339e+00    1.010187499234e+00
 43   1.010187499234e+00    1.010509098966e+00
 44   1.010509098966e+00    1.010835361166e+00
 45   1.010835361166e+00    1.011166353429e+00
 46   1.011166353429e+00    1.011502144329e+00
 47   1.011502144329e+00    1.011842803437e+00
 48   1.011842803437e+00    1.012188401330e+00
 49   1.012188401330e+00    1.012539009609e+00
 50   1.012539009609e+00    1.012894700913e+00
 51   1.012894700913e+00    1.013255548936e+00
 52   1.013255548936e+00    1.013621628437e+00
 53   1.013621628437e+00    1.013993015261e+00
 54   1.013993015261e+00    1.014369786353e+00
 55   1.014369786353e+00    1.014752019772e+00
 56   1.014752019772e+00    1.015139794709e+00
 57   1.015139794709e+00    1.015533191504e+00
 58   1.015533191504e+00    1.015932291661e+00
 59   1.015932291661e+00    1.016337177866e+00
 60   1.016337177866e+00    1.016747934004e+00
 61   1.016747934004e+00    1.017164645174e+00
 62   1.017164645174e+00    1.017587397713e+00
 63   1.017587397713e+00    1.018016279205e+00
 64   1.018016279205e+00    1.018451378507e+00
 65   1.018451378507e+00    1.018892785763e+00
 66   1.018892785763e+00    1.019340592424e+00
 67   1.019340592424e+00    1.019794891267e+00
 68   1.019794891267e+00    1.020255776414e+00
 69   1.020255776414e+00    1.020723343351e+00
 70   1.020723343351e+00    1.021197688949e+00
 71   1.021197688949e+00    1.021678911483e+00
 72   1.021678911483e+00    1.022167110654e+00
 73   1.022167110654e+00    1.022662387606e+00
 74   1.022662387606e+00    1.023164844952e+00
 75   1.023164844952e+00    1.023674586790e+00
 76   1.023674586790e+00    1.024191718731e+00
 77   1.024191718731e+00    1.024716347912e+00
 78   1.024716347912e+00    1.025248583028e+00
 79   1.025248583028e+00    1.025788534347e+00
 80   1.025788534347e+00    1.026336313737e+00
 81   1.026336313737e+00    1.026892034686e+00
 82   1.026892034686e+00    1.027455812330e+00
 83   1.027455812330e+00    1.028027763472e+00
 84   1.028027763472e+00    1.028608006610e+00
 85   1.028608006610e+00    1.029196661959e+00
 86   1.029196661959e+00    1.029793851476e+00
 87   1.029793851476e+00    1.030399698888e+00
 88   1.030399698888e+00    1.031014329714e+00
 89   1.031014329714e+00    1.031637871295e+00
 90   1.031637871295e+00    1.032270452816e+00
 91   1.032270452816e+00    1.032912205335e+00
 92   1.032912205335e+00    1.033563261811e+00
 93   1.033563261811e+00    1.034223757132e+00
 94   1.034223757132e+00    1.034893828137e+00
 95   1.034893828137e+00    1.035573613654e+00
 96   1.035573613654e+00    1.036263254520e+00
 97   1.036263254520e+00    1.036962893617e+00
 98   1.036962893617e+00    1.037672675894e+00
 99   1.037672675894e+00    1.038392748407e+00
 100   1.038392748407e+00    1.039123260339e+00
 101   1.039123260339e+00    1.039864363039e+00
 102   1.039864363039e+00    1.040616210048e+00
 103   1.040616210048e+00    1.041378957136e+00
 104   1.041378957136e+00    1.042152762328e+00
 105   1.042152762328e+00    1.042937785941e+00
 106   1.042937785941e+00    1.043734190619e+00
 107   1.043734190619e+00    1.044542141359e+00
 108   1.044542141359e+00    1.045361805554e+00
 109   1.045361805554e+00    1.046193353023e+00
 110   1.046193353023e+00    1.047036956046e+00
 111   1.047036956046e+00    1.047892789401e+00
 112   1.047892789401e+00    1.048761030400e+00
 113   1.048761030400e+00    1.049641858926e+00
 114   1.049641858926e+00    1.050535457470e+00
 115   1.050535457470e+00    1.051442011168e+00
 116   1.051442011168e+00    1.052361707841e+00
 117   1.052361707841e+00    1.053294738031e+00
 118   1.053294738031e+00    1.054241295044e+00
 119   1.054241295044e+00    1.055201574989e+00
 120   1.055201574989e+00    1.056175776818e+00
 121   1.056175776818e+00    1.057164102365e+00
 122   1.057164102365e+00    1.058166756394e+00
 123   1.058166756394e+00    1.059183946633e+00
 124   1.059183946633e+00    1.060215883826e+00
 125   1.060215883826e+00    1.061262781771e+00
 126   1.061262781771e+00    1.062324857363e+00
 127   1.062324857363e+00    1.063402330644e+00
 128   1.063402330644e+00    1.064495424846e+00
 129   1.064495424846e+00    1.065604366438e+00
 130   1.065604366438e+00    1.066729385169e+00
 131   1.066729385169e+00    1.067870714123e+00
 132   1.067870714123e+00    1.069028589761e+00
 133   1.069028589761e+00    1.070203251971e+00
 134   1.070203251971e+00    1.071394944122e+00
 135   1.071394944122e+00    1.072603913108e+00
 136   1.072603913108e+00    1.073830409405e+00
 137   1.073830409405e+00    1.075074687120e+00
 138   1.075074687120e+00    1.076337004041e+00
 139   1.076337004041e+00    1.077617621698e+00
 140   1.077617621698e+00    1.078916805408e+00
 141   1.078916805408e+00    1.080234824339e+00
 142   1.080234824339e+00    1.081571951557e+00
 143   1.081571951557e+00    1.082928464090e+00
 144   1.082928464090e+00    1.084304642981e+00
 145   1.084304642981e+00    1.085700773347e+00
 146   1.085700773347e+00    1.087117144440e+00
 147   1.087117144440e+00    1.088554049704e+00
 148   1.088554049704e+00    1.090011786839e+00
 149   1.090011786839e+00    1.091490657859e+00
 150   1.091490657859e+00    1.092990969157e+00
 151   1.092990969157e+00    1.094513031570e+00
 152   1.094513031570e+00    1.096057160438e+00
 153   1.096057160438e+00    1.097623675676e+00
 154   1.097623675676e+00    1.099212901835e+00
 155   1.099212901835e+00    1.100825168173e+00
 156   1.100825168173e+00    1.102460808719e+00
 157   1.102460808719e+00    1.104120162346e+00
 158   1.104120162346e+00    1.105803572841e+00
 159   1.105803572841e+00    1.107511388973e+00
 160   1.107511388973e+00    1.109243964569e+00
 161   1.109243964569e+00    1.111001658586e+00
 162   1.111001658586e+00    1.112784835183e+00
 163   1.112784835183e+00    1.114593863799e+00
 164   1.114593863799e+00    1.116429119231e+00
 165   1.116429119231e+00    1.118290981709e+00
 166   1.118290981709e+00    1.120179836973e+00
 167   1.120179836973e+00    1.122096076358e+00
 168   1.122096076358e+00    1.124040096873e+00
 169   1.124040096873e+00    1.126012301279e+00
 170   1.126012301279e+00    1.128013098181e+00
 171   1.128013098181e+00    1.130042902103e+00
 172   1.130042902103e+00    1.132102133583e+00
 173   1.132102133583e+00    1.134191219253e+00
 174   1.134191219253e+00    1.136310591932e+00
 175   1.136310591932e+00    1.138460690712e+00
 176   1.138460690712e+00    1.140641961051e+00
 177   1.140641961051e+00    1.142854854868e+00
 178   1.142854854868e+00    1.145099830631e+00
 179   1.145099830631e+00    1.147377353456e+00
 180   1.147377353456e+00    1.149687895200e+00
 181   1.149687895200e+00    1.152031934564e+00
 182   1.152031934564e+00    1.154409957187e+00
 183   1.154409957187e+00    1.156822455750e+00
 184   1.156822455750e+00    1.159269930074e+00
 185   1.159269930074e+00    1.161752887231e+00
 186   1.161752887231e+00    1.164271841640e+00
 187   1.164271841640e+00    1.166827315180e+00
 188   1.166827315180e+00    1.169419837295e+00
 189   1.169419837295e+00    1.172049945107e+00
 190   1.172049945107e+00    1.174718183521e+00
 191   1.174718183521e+00    1.177425105347e+00
 192   1.177425105347e+00    1.180171271405e+00
 193   1.180171271405e+00    1.182957250648e+00
 194   1.182957250648e+00    1.185783620277e+00
 195   1.185783620277e+00    1.188650965861e+00
 196   1.188650965861e+00    1.191559881459e+00
 197   1.191559881459e+00    1.194510969741e+00
 198   1.194510969741e+00    1.197504842116e+00
 199   1.197504842116e+00    1.200542118856e+00
 200   1.200542118856e+00    1.203623429226e+00
 201   1.203623429226e+00    1.206749411615e+00
 202   1.206749411615e+00    1.209920713665e+00
 203   1.209920713665e+00    1.213137992408e+00
 204   1.213137992408e+00    1.216401914402e+00
 205   1.216401914402e+00    1.219713155869e+00
 206   1.219713155869e+00    1.223072402835e+00
 207   1.223072402835e+00    1.226480351269e+00
 208   1.226480351269e+00    1.229937707233e+00
 209   1.229937707233e+00    1.233445187024e+00
 210   1.233445187024e+00    1.237003517324e+00
 211   1.237003517324e+00    1.240613435350e+00
 212   1.240613435350e+00    1.244275689007e+00
 213   1.244275689007e+00    1.247991037044e+00
 214   1.247991037044e+00    1.251760249208e+00
 215   1.251760249208e+00    1.255584106407e+00
 216   1.255584106407e+00    1.259463400871e+00
 217   1.259463400871e+00    1.263398936314e+00
 218   1.263398936314e+00    1.267391528103e+00
 219   1.267391528103e+00    1.271442003426e+00
 220   1.271442003426e+00    1.275551201462e+00
 221   1.275551201462e+00    1.279719973558e+00
 222   1.279719973558e+00    1.283949183404e+00
 223   1.283949183404e+00    1.288239707208e+00
 224   1.288239707208e+00    1.292592433885e+00
 225   1.292592433885e+00    1.297008265236e+00
 226   1.297008265236e+00    1.301488116135e+00
 227   1.301488116135e+00    1.306032914721e+00
 228   1.306032914721e+00    1.310643602588e+00
 229   1.310643602588e+00    1.315321134980e+00
 230   1.315321134980e+00    1.320066480993e+00
 231   1.320066480993e+00    1.324880623770e+00
 232   1.324880623770e+00    1.329764560709e+00
 233   1.329764560709e+00    1.334719303666e+00
 234   1.334719303666e+00    1.339745879169e+00
 235   1.339745879169e+00    1.344845328625e+00
 236   1.344845328625e+00    1.350018708544e+00
 237   1.350018708544e+00    1.355267090748e+00
 238   1.355267090748e+00    1.360591562602e+00
 239   1.360591562602e+00    1.365993227232e+00
 240   1.365993227232e+00    1.371473203759e+00
 241   1.371473203759e+00    1.377032627528e+00
 242   1.377032627528e+00    1.382672650343e+00
 243   1.382672650343e+00    1.388394440709e+00
 244   1.388394440709e+00    1.394199184070e+00
 245   1.394199184070e+00    1.400088083056e+00
 246   1.400088083056e+00    1.406062357733e+00
 247   1.406062357733e+00    1.412123245855e+00
 248   1.412123245855e+00    1.418272003120e+00
 249   1.418272003120e+00    1.424509903433e+00
 250   1.424509903433e+00    1.430838239165e+00
 251   1.430838239165e+00    1.437258321425e+00
 252   1.437258321425e+00    1.443771480330e+00
 253   1.443771480330e+00    1.450379065280e+00
 254   1.450379065280e+00    1.457082445239e+00
 255   1.457082445239e+00    1.463883009017e+00
 256   1.463883009017e+00    1.470782165560e+00
 257   1.470782165560e+00    1.477781344239e+00
 258   1.477781344239e+00    1.484881995149e+00
 259   1.484881995149e+00    1.492085589406e+00
 260   1.492085589406e+00    1.499393619457e+00
 261   1.499393619457e+00    1.506807599384e+00
 262   1.506807599384e+00    1.514329065219e+00
 263   1.514329065219e+00    1.521959575266e+00
 264   1.521959575266e+00    1.529700710417e+00
 265   1.529700710417e+00    1.537554074486e+00
 266   1.537554074486e+00    1.545521294538e+00
 267   1.545521294538e+00    1.553604021227e+00
 268   1.553604021227e+00    1.561803929138e+00
 269   1.561803929138e+00    1.570122717132e+00
 270   1.570122717132e+00    1.578562108702e+00
 271   1.578562108702e+00    1.587123852325e+00
 272   1.587123852325e+00    1.595809721830e+00
 273   1.595809721830e+00    1.604621516761e+00
 274   1.604621516761e+00    1.613561062750e+00
 275   1.613561062750e+00    1.622630211899e+00
 276   1.622630211899e+00    1.631830843160e+00
 277   1.631830843160e+00    1.641164862725e+00
 278   1.641164862725e+00    1.650634204423e+00
 279   1.650634204423e+00    1.660240830118e+00
 280   1.660240830118e+00    1.669986730117e+00
 281   1.669986730117e+00    1.679873923581e+00
 282   1.679873923581e+00    1.689904458946e+00
 283   1.689904458946e+00    1.700080414345e+00
 284   1.700080414345e+00    1.710403898037e+00
 285   1.710403898037e+00    1.720877048851e+00
 286   1.720877048851e+00    1.731502036618e+00
 287   1.731502036618e+00    1.742281062632e+00
 288   1.742281062632e+00    1.753216360098e+00
 289   1.753216360098e+00    1.764310194597e+00
 290   1.764310194597e+00    1.775564864558e+00
 291   1.775564864558e+00    1.786982701730e+00
 292   1.786982701730e+00    1.798566071667e+00
 293   1.798566071667e+00    1.810317374221e+00
 294   1.810317374221e+00    1.822239044034e+00
 295   1.822239044034e+00    1.834333551043e+00
 296   1.834333551043e+00    1.846603400998e+00
 297   1.846603400998e+00    1.859051135974e+00
 298   1.859051135974e+00    1.871679334900e+00
 299   1.871679334900e+00    1.884490614095e+00
 300   1.884490614095e+00    1.897487627808e+00
 301   1.897487627808e+00    1.910673068768e+00
 302   1.910673068768e+00    1.924049668743e+00
 303   1.924049668743e+00    1.937620199107e+00
 304   1.937620199107e+00    1.951387471410e+00
 305   1.951387471410e+00    1.965354337964e+00
 306   1.965354337964e+00    1.979523692434e+00
 307   1.979523692434e+00    1.993898470436e+00
 308   1.993898470436e+00    2.008481650145e+00
 309   2.008481650145e+00    2.023276252915e+00
 310   2.023276252915e+00    2.038285343900e+00
 311   2.038285343900e+00    2.053512032693e+00
 312   2.053512032693e+00    2.068959473970e+00
 313   2.068959473970e+00    2.084630868141e+00
 314   2.084630868141e+00    2.100529462016e+00
 315   2.100529462016e+00    2.116658549476e+00
 316   2.116658549476e+00    2.133021472155e+00
 317   2.133021472155e+00    2.149621620135e+00
 318   2.149621620135e+00    2.166462432644e+00
 319   2.166462432644e+00    2.183547398772e+00
 320   2.183547398772e+00    2.200880058195e+00
 321   2.200880058195e+00    2.218464001903e+00
 322   2.218464001903e+00    2.236302872950e+00
 323   2.236302872950e+00    2.254400367203e+00
 324   2.254400367203e+00    2.272760234114e+00
 325   2.272760234114e+00    2.291386277492e+00
 326   2.291386277492e+00    2.310282356291e+00
 327   2.310282356291e+00    2.329452385414e+00
 328   2.329452385414e+00    2.348900336520e+00
 329   2.348900336520e+00    2.368630238848e+00
 330   2.368630238848e+00    2.388646180051e+00
 331   2.388646180051e+00    2.408952307045e+00
 332   2.408952307045e+00    2.429552826866e+00
 333   2.429552826866e+00    2.450452007544e+00
 334   2.450452007544e+00    2.471654178983e+00
 335   2.471654178983e+00    2.493163733864e+00
 336   2.493163733864e+00    2.514985128550e+00
 337   2.514985128550e+00    2.537122884011e+00
 338   2.537122884011e+00    2.559581586761e+00
 339   2.559581586761e+00    2.582365889810e+00
 340   2.582365889810e+00    2.605480513624e+00
 341   2.605480513624e+00    2.628930247104e+00
 342   2.628930247104e+00    2.652719948583e+00
 343   2.652719948583e+00    2.676854546825e+00
 344   2.676854546825e+00    2.701339042052e+00
 345   2.701339042052e+00    2.726178506978e+00
 346   2.726178506978e+00    2.751378087858e+00
 347   2.751378087858e+00    2.776943005559e+00
 348   2.776943005559e+00    2.802878556635e+00
 349   2.802878556635e+00    2.829190114432e+00
 350   2.829190114432e+00    2.855883130195e+00
 351   2.855883130195e+00    2.882963134199e+00
 352   2.882963134199e+00    2.910435736898e+00
 353   2.910435736898e+00    2.938306630082e+00
 354   2.938306630082e+00    2.966581588062e+00
 355   2.966581588062e+00    2.995266468860e+00
 356   2.995266468860e+00    3.024367215430e+00
 357   3.024367215430e+00    3.053889856883e+00
 358   3.053889856883e+00    3.083840509737e+00
 359   3.083840509737e+00    3.114225379190e+00
 360   3.114225379190e+00    3.145050760396e+00
 361   3.145050760396e+00    3.176323039780e+00
 362   3.176323039780e+00    3.208048696351e+00
 363   3.208048696351e+00    3.240234303051e+00
 364   3.240234303051e+00    3.272886528116e+00
 365   3.272886528116e+00    3.306012136453e+00
 366   3.306012136453e+00    3.339617991048e+00
 367   3.339617991048e+00    3.373711054384e+00
 368   3.373711054384e+00    3.408298389882e+00
 369   3.408298389882e+00    3.443387163369e+00
 370   3.443387163369e+00    3.478984644561e+00
 371   3.478984644561e+00    3.515098208565e+00
 372   3.515098208565e+00    3.551735337413e+00
 373   3.551735337413e+00    3.588903621609e+00
 374   3.588903621609e+00    3.626610761702e+00
 375   3.626610761702e+00    3.664864569881e+00
 376   3.664864569881e+00    3.703672971596e+00
 377   3.703672971596e+00    3.743044007194e+00
 378   3.743044007194e+00    3.782985833593e+00
 379   3.782985833593e+00    3.823506725967e+00
 380   3.823506725967e+00    3.864615079458e+00
 381   3.864615079458e+00    3.906319410923e+00
 382   3.906319410923e+00    3.948628360692e+00
 383   3.948628360692e+00    3.991550694359e+00
 384   3.991550694359e+00    4.035095304602e+00
 385   4.035095304602e+00    4.079271213021e+00
 386   4.079271213021e+00    4.124087572008e+00
 387   4.124087572008e+00    4.169553666646e+00
 388   4.169553666646e+00    4.215678916629e+00
 389   4.215678916629e+00    4.262472878217e+00
 390   4.262472878217e+00    4.309945246211e+00
 391   4.309945246211e+00    4.358105855968e+00
 392   4.358105855968e+00    4.406964685434e+00
 393   4.406964685434e+00    4.456531857213e+00
 394   4.456531857213e+00    4.506817640662e+00
 395   4.506817640662e+00    4.557832454023e+00
 396   4.557832454023e+00    4.609586866577e+00
 397   4.609586866577e+00    4.662091600836e+00
 398   4.662091600836e+00    4.715357534766e+00
 399   4.715357534766e+00    4.769395704036e+00
 400   4.769395704036e+00    4.824217304310e+00
 401   4.824217304310e+00    4.879833693560e+00
 402   4.879833693560e+00    4.936256394427e+00
 403   4.936256394427e+00    4.993497096602e+00
 404   4.993497096602e+00    5.051567659250e+00
 405   5.051567659250e+00    5.110480113467e+00
 406   5.110480113467e+00    5.170246664774e+00
 407   5.170246664774e+00    5.230879695643e+00
 408   5.230879695643e+00    5.292391768065e+00
 409   5.292391768065e+00    5.354795626148e+00
 410   5.354795626148e+00    5.418104198766e+00
 411   5.418104198766e+00    5.482330602229e+00
 412   5.482330602229e+00    5.547488143003e+00
 413   5.547488143003e+00    5.613590320471e+00
 414   5.613590320471e+00    5.680650829724e+00
 415   5.680650829724e+00    5.748683564400e+00
 416   5.748683564400e+00    5.817702619566e+00
 417   5.817702619566e+00    5.887722294633e+00
 418   5.887722294633e+00    5.958757096323e+00
 419   5.958757096323e+00    6.030821741672e+00
 420   6.030821741672e+00    6.103931161078e+00
 421   6.103931161078e+00    6.178100501399e+00
 422   6.178100501399e+00    6.253345129085e+00
 423   6.253345129085e+00    6.329680633367e+00
 424   6.329680633367e+00    6.407122829484e+00
 425   6.407122829484e+00    6.485687761959e+00
 426   6.485687761959e+00    6.565391707925e+00
 427   6.565391707925e+00    6.646251180498e+00
 428   6.646251180498e+00    6.728282932194e+00
 429   6.728282932194e+00    6.811503958404e+00
 430   6.811503958404e+00    6.895931500914e+00
 431   6.895931500914e+00    6.981583051476e+00
 432   6.981583051476e+00    7.068476355433e+00
 433   7.068476355433e+00    7.156629415397e+00
 434   7.156629415397e+00    7.246060494973e+00
 435   7.246060494973e+00    7.336788122551e+00
 436   7.336788122551e+00    7.428831095138e+00
 437   7.428831095138e+00    7.522208482257e+00
 438   7.522208482257e+00    7.616939629894e+00
 439   7.616939629894e+00    7.713044164510e+00
 440   7.713044164510e+00    7.810541997103e+00
 441   7.810541997103e+00    7.909453327337e+00
 442   7.909453327337e+00    8.009798647725e+00
 443   8.009798647725e+00    8.111598747874e+00
 444   8.111598747874e+00    8.214874718795e+00
 445   8.214874718795e+00    8.319647957269e+00
 446   8.319647957269e+00    8.425940170283e+00
 447   8.425940170283e+00    8.533773379525e+00
 448   8.533773379525e+00    8.643169925950e+00
 449   8.643169925950e+00    8.754152474404e+00
 450   8.754152474404e+00    8.866744018321e+00
 451   8.866744018321e+00    8.980967884492e+00
 452   8.980967884492e+00    9.096847737888e+00
 453   9.096847737888e+00    9.214407586573e+00
 454   9.214407586573e+00    9.333671786672e+00
 455   9.333671786672e+00    9.454665047417e+00
 456   9.454665047417e+00    9.577412436270e+00
 457   9.577412436270e+00    9.701939384114e+00
 458   9.701939384114e+00    9.828271690521e+00
 459   9.828271690521e+00    9.956435529101e+00
 460   9.956435529101e+00    1.008645745292e+01
 461   1.008645745292e+01    1.021836440000e+01
 462   1.021836440000e+01    1.035218369891e+01
 463   1.035218369891e+01    1.048794307442e+01
 464   1.048794307442e+01    1.062567065324e+01
 465   1.062567065324e+01    1.076539496985e+01
 466   1.076539496985e+01    1.090714497245e+01
 467   1.090714497245e+01    1.105095002887e+01
 468   1.105095002887e+01    1.119683993274e+01
 469   1.119683993274e+01    1.134484490964e+01
 470   1.134484490964e+01    1.149499562331e+01
 471   1.149499562331e+01    1.164732318209e+01
 472   1.164732318209e+01    1.180185914530e+01
 473   1.180185914530e+01    1.195863552979e+01
 474   1.195863552979e+01    1.211768481660e+01
 475   1.211768481660e+01    1.227903995766e+01
 476   1.227903995766e+01    1.244273438263e+01
 477   1.244273438263e+01    1.260880200583e+01
 478   1.260880200583e+01    1.277727723325e+01
 479   1.277727723325e+01    1.294819496970e+01
 480   1.294819496970e+01    1.312159062603e+01
 481   1.312159062603e+01    1.329750012646e+01
 482   1.329750012646e+01    1.347595991603e+01
 483   1.347595991603e+01    1.365700696816e+01
 484   1.365700696816e+01    1.384067879228e+01
 485   1.384067879228e+01    1.402701344165e+01
 486   1.402701344165e+01    1.421604952121e+01
 487   1.421604952121e+01    1.440782619555e+01
 488   1.440782619555e+01    1.460238319711e+01
 489   1.460238319711e+01    1.479976083431e+01
 490   1.479976083431e+01    1.500000000000e+01
1 
 1   0.000000000000e+00    1.000000000000e+00
1 
 1   0.000000000000e+00    1.000000000000e+00
